<?xml version="1.0" encoding="UTF-8"?>
<!-- Generated by org.testng.reporters.JUnitXMLReporter -->
<testsuite hostname="PERMYAKOVA" ignored="0" name="Surefire test" tests="27" failures="0" timestamp="2019-11-28T16:30:40 YEKT" time="2.966" errors="0">
  <testcase name="getSession on getSession(dao.PersonCarDaoImplTest)" time="2.638" classname="dao.PersonCarDaoImplTest"/>
  <testcase name="getStatistics on getStatistics(dao.PersonCarDaoImplTest)" time="2.638" classname="dao.PersonCarDaoImplTest"/>
  <testcase name="clear on clear(dao.PersonCarDaoImplTest)" time="2.654" classname="dao.PersonCarDaoImplTest"/>
  <testcase name="testSavePerson on testSavePerson(dao.PersonCarDaoImplTest)" time="2.701" classname="dao.PersonCarDaoImplTest"/>
  <testcase name="testSaveCar on testSaveCar(dao.PersonCarDaoImplTest)" time="2.716" classname="dao.PersonCarDaoImplTest"/>
  <testcase name="showPersonsCars on showPersonsCars(dao.PersonCarDaoImplTest)" time="2.716" classname="dao.PersonCarDaoImplTest"/>
  <testcase name="setPersonByPersonId on setPersonByPersonId(entities.CarTest)" time="0.0" classname="entities.CarTest"/>
  <testcase name="getPersonByPersonId on getPersonByPersonId(entities.CarTest)" time="0.0" classname="entities.CarTest"/>
  <testcase name="getId on getId(entities.CarTest)" time="0.016" classname="entities.CarTest"/>
  <testcase name="setId on setId(entities.CarTest)" time="0.016" classname="entities.CarTest"/>
  <testcase name="obtainVendor on obtainVendor(entities.CarTest)" time="0.016" classname="entities.CarTest"/>
  <testcase name="getHorsepower on getHorsepower(entities.CarTest)" time="0.016" classname="entities.CarTest"/>
  <testcase name="testHashCode on testHashCode(entities.CarTest)" time="0.016" classname="entities.CarTest"/>
  <testcase name="testEquals on testEquals(entities.CarTest)" time="0.016" classname="entities.CarTest"/>
  <testcase name="setModel on setModel(entities.CarTest)" time="0.016" classname="entities.CarTest"/>
  <testcase name="setHorsepower on setHorsepower(entities.CarTest)" time="0.016" classname="entities.CarTest"/>
  <testcase name="getModel on getModel(entities.CarTest)" time="0.016" classname="entities.CarTest"/>
  <testcase name="getPersonsCars on getPersonsCars(entities.PersonWithCarsTest)" time="0.0" classname="entities.PersonWithCarsTest"/>
  <testcase name="setPerson on setPerson(entities.PersonWithCarsTest)" time="0.0" classname="entities.PersonWithCarsTest"/>
  <testcase name="getPerson on getPerson(entities.PersonWithCarsTest)" time="0.0" classname="entities.PersonWithCarsTest"/>
  <testcase name="setPersonsCars on setPersonsCars(entities.PersonWithCarsTest)" time="0.0" classname="entities.PersonWithCarsTest"/>
  <testcase name="setUniquevendorcount on setUniquevendorcount(entities.StatisticsTest)" time="0.0" classname="entities.StatisticsTest"/>
  <testcase name="getUniquevendorcount on getUniquevendorcount(entities.StatisticsTest)" time="0.0" classname="entities.StatisticsTest"/>
  <testcase name="getPersoncount on getPersoncount(entities.StatisticsTest)" time="0.0" classname="entities.StatisticsTest"/>
  <testcase name="setPersoncount on setPersoncount(entities.StatisticsTest)" time="0.0" classname="entities.StatisticsTest"/>
  <testcase name="setCarcount on setCarcount(entities.StatisticsTest)" time="0.0" classname="entities.StatisticsTest"/>
  <testcase name="getCarcount on getCarcount(entities.StatisticsTest)" time="0.0" classname="entities.StatisticsTest"/>
</testsuite> <!-- Surefire test -->
