<?xml version="1.0" encoding="UTF-8"?>
<testsuite xmlns:xsi="http://www.w3.org/2001/XMLSchema-instance" xsi:noNamespaceSchemaLocation="https://maven.apache.org/surefire/maven-surefire-plugin/xsd/surefire-test-report.xsd" name="TestSuite" time="0.357" tests="35" errors="0" skipped="0" failures="0">
  <properties>
[...]
</properties>
  <testcase name="getSession on getSession(dao.PersonCarDaoImplTest)" classname="dao.PersonCarDaoImplTest" time="0.001"/>
  <testcase name="getStatistics on getStatistics(dao.PersonCarDaoImplTest)" classname="dao.PersonCarDaoImplTest" time="0"/>
  <testcase name="clear on clear(dao.PersonCarDaoImplTest)" classname="dao.PersonCarDaoImplTest" time="0"/>
  <testcase name="savePerson on savePerson(dao.PersonCarDaoImplTest)" classname="dao.PersonCarDaoImplTest" time="0.001"/>
  <testcase name="showPersonsCars on showPersonsCars(dao.PersonCarDaoImplTest)" classname="dao.PersonCarDaoImplTest" time="0"/>
  <testcase name="saveCar on saveCar(dao.PersonCarDaoImplTest)" classname="dao.PersonCarDaoImplTest" time="0"/>
  <testcase name="setPersonByPersonId on setPersonByPersonId(entities.CarTest)" classname="entities.CarTest" time="0"/>
  <testcase name="getPersonByPersonId on getPersonByPersonId(entities.CarTest)" classname="entities.CarTest" time="0"/>
  <testcase name="getId on getId(entities.CarTest)" classname="entities.CarTest" time="0"/>
  <testcase name="setId on setId(entities.CarTest)" classname="entities.CarTest" time="0"/>
  <testcase name="obtainVendor on obtainVendor(entities.CarTest)" classname="entities.CarTest" time="0"/>
  <testcase name="getHorsepower on getHorsepower(entities.CarTest)" classname="entities.CarTest" time="0"/>
  <testcase name="testHashCode on testHashCode(entities.CarTest)" classname="entities.CarTest" time="0"/>
  <testcase name="testEquals on testEquals(entities.CarTest)" classname="entities.CarTest" time="0"/>
  <testcase name="setModel on setModel(entities.CarTest)" classname="entities.CarTest" time="0"/>
  <testcase name="setHorsepower on setHorsepower(entities.CarTest)" classname="entities.CarTest" time="0"/>
  <testcase name="getModel on getModel(entities.CarTest)" classname="entities.CarTest" time="0"/>
  <testcase name="getBirthDate on getBirthDate(entities.PersonTest)" classname="entities.PersonTest" time="0"/>
  <testcase name="getName on getName(entities.PersonTest)" classname="entities.PersonTest" time="0"/>
  <testcase name="getId on getId(entities.PersonTest)" classname="entities.PersonTest" time="0"/>
  <testcase name="setId on setId(entities.PersonTest)" classname="entities.PersonTest" time="0.001"/>
  <testcase name="setBirthDate on setBirthDate(entities.PersonTest)" classname="entities.PersonTest" time="0"/>
  <testcase name="testHashCode on testHashCode(entities.PersonTest)" classname="entities.PersonTest" time="0"/>
  <testcase name="testEquals on testEquals(entities.PersonTest)" classname="entities.PersonTest" time="0"/>
  <testcase name="setName on setName(entities.PersonTest)" classname="entities.PersonTest" time="0"/>
  <testcase name="getPersonsCars on getPersonsCars(entities.PersonWithCarsTest)" classname="entities.PersonWithCarsTest" time="0"/>
  <testcase name="setPerson on setPerson(entities.PersonWithCarsTest)" classname="entities.PersonWithCarsTest" time="0"/>
  <testcase name="getPerson on getPerson(entities.PersonWithCarsTest)" classname="entities.PersonWithCarsTest" time="0"/>
  <testcase name="setPersonsCars on setPersonsCars(entities.PersonWithCarsTest)" classname="entities.PersonWithCarsTest" time="0"/>
  <testcase name="setUniquevendorcount on setUniquevendorcount(entities.StatisticsTest)" classname="entities.StatisticsTest" time="0"/>
  <testcase name="getUniquevendorcount on getUniquevendorcount(entities.StatisticsTest)" classname="entities.StatisticsTest" time="0"/>
  <testcase name="getPersoncount on getPersoncount(entities.StatisticsTest)" classname="entities.StatisticsTest" time="0"/>
  <testcase name="setPersoncount on setPersoncount(entities.StatisticsTest)" classname="entities.StatisticsTest" time="0"/>
  <testcase name="setCarcount on setCarcount(entities.StatisticsTest)" classname="entities.StatisticsTest" time="0"/>
  <testcase name="getCarcount on getCarcount(entities.StatisticsTest)" classname="entities.StatisticsTest" time="0"/>
</testsuite>